# JRE version: Java(TM) SE Runtime Environment (7.0_79-b15) (build 1.7.0_79-b15)
# Java VM: Java HotSpot(TM) 64-Bit Server VM (24.79-b02 mixed mode windows-amd64 compressed oops)
Heap
 PSYoungGen      total 275456K, used 67561K [0x00000000eb280000, 0x0000000100000000, 0x0000000100000000)
  eden space 244224K, 27% used [0x00000000eb280000,0x00000000ef47a7d0,0x00000000fa100000)
  from space 31232K, 0% used [0x00000000fca80000,0x00000000fca80000,0x00000000fe900000)
  to   space 42496K, 0% used [0x00000000fa100000,0x00000000fa100000,0x00000000fca80000)
 ParOldGen       total 99840K, used 45438K [0x00000000c1800000, 0x00000000c7980000, 0x00000000eb280000)
  object space 99840K, 45% used [0x00000000c1800000,0x00000000c445fae8,0x00000000c7980000)
 PSPermGen       total 81408K, used 44583K [0x00000000bc600000, 0x00000000c1580000, 0x00000000c1800000)
  object space 81408K, 54% used [0x00000000bc600000,0x00000000bf189f60,0x00000000c1580000)
GC Heap History (10 events):
Event: 20.726 GC heap before
{Heap before GC invocations=12 (full 0):
 PSYoungGen      total 130560K, used 130268K [0x00000000eb280000, 0x00000000f8800000, 0x0000000100000000)
  eden space 116736K, 100% used [0x00000000eb280000,0x00000000f2480000,0x00000000f2480000)
  from space 13824K, 97% used [0x00000000f6d00000,0x00000000f7a37168,0x00000000f7a80000)
  to   space 13824K, 0% used [0x00000000f7a80000,0x00000000f7a80000,0x00000000f8800000)
 ParOldGen       total 42496K, used 27888K [0x00000000c1800000, 0x00000000c4180000, 0x00000000eb280000)
  object space 42496K, 65% used [0x00000000c1800000,0x00000000c333c340,0x00000000c4180000)
 PSPermGen       total 35328K, used 35080K [0x00000000bc600000, 0x00000000be880000, 0x00000000c1800000)
  object space 35328K, 99% used [0x00000000bc600000,0x00000000be842290,0x00000000be880000)
Event: 20.749 GC heap after
Heap after GC invocations=12 (full 0):
 PSYoungGen      total 197120K, used 13820K [0x00000000eb280000, 0x00000000f9300000, 0x0000000100000000)
  eden space 183296K, 0% used [0x00000000eb280000,0x00000000eb280000,0x00000000f6580000)
  from space 13824K, 99% used [0x00000000f7a80000,0x00000000f87ff0f8,0x00000000f8800000)
  to   space 21504K, 0% used [0x00000000f6580000,0x00000000f6580000,0x00000000f7a80000)
 ParOldGen       total 42496K, used 37096K [0x00000000c1800000, 0x00000000c4180000, 0x00000000eb280000)
  object space 42496K, 87% used [0x00000000c1800000,0x00000000c3c3a020,0x00000000c4180000)
 PSPermGen       total 35328K, used 35080K [0x00000000bc600000, 0x00000000be880000, 0x00000000c1800000)
  object space 35328K, 99% used [0x00000000bc600000,0x00000000be842290,0x00000000be880000)
}
Event: 20.749 GC heap before
{Heap before GC invocations=13 (full 1):
 PSYoungGen      total 197120K, used 13820K [0x00000000eb280000, 0x00000000f9300000, 0x0000000100000000)
  eden space 183296K, 0% used [0x00000000eb280000,0x00000000eb280000,0x00000000f6580000)
  from space 13824K, 99% used [0x00000000f7a80000,0x00000000f87ff0f8,0x00000000f8800000)
  to   space 21504K, 0% used [0x00000000f6580000,0x00000000f6580000,0x00000000f7a80000)
 ParOldGen       total 42496K, used 37096K [0x00000000c1800000, 0x00000000c4180000, 0x00000000eb280000)
  object space 42496K, 87% used [0x00000000c1800000,0x00000000c3c3a020,0x00000000c4180000)
 PSPermGen       total 35328K, used 35080K [0x00000000bc600000, 0x00000000be880000, 0x00000000c1800000)
  object space 35328K, 99% used [0x00000000bc600000,0x00000000be842290,0x00000000be880000)
Event: 20.962 GC heap after
Heap after GC invocations=13 (full 1):
 PSYoungGen      total 197120K, used 0K [0x00000000eb280000, 0x00000000f9300000, 0x0000000100000000)
  eden space 183296K, 0% used [0x00000000eb280000,0x00000000eb280000,0x00000000f6580000)
  from space 13824K, 0% used [0x00000000f7a80000,0x00000000f7a80000,0x00000000f8800000)
  to   space 21504K, 0% used [0x00000000f6580000,0x00000000f6580000,0x00000000f7a80000)
 ParOldGen       total 67584K, used 35302K [0x00000000c1800000, 0x00000000c5a00000, 0x00000000eb280000)
  object space 67584K, 52% used [0x00000000c1800000,0x00000000c3a79950,0x00000000c5a00000)
 PSPermGen       total 70656K, used 35066K [0x00000000bc600000, 0x00000000c0b00000, 0x00000000c1800000)
  object space 70656K, 49% used [0x00000000bc600000,0x00000000be83e9a8,0x00000000c0b00000)
}
Event: 21.943 GC heap before
{Heap before GC invocations=14 (full 1):
 PSYoungGen      total 197120K, used 183296K [0x00000000eb280000, 0x00000000f9300000, 0x0000000100000000)
  eden space 183296K, 100% used [0x00000000eb280000,0x00000000f6580000,0x00000000f6580000)
  from space 13824K, 0% used [0x00000000f7a80000,0x00000000f7a80000,0x00000000f8800000)
  to   space 21504K, 0% used [0x00000000f6580000,0x00000000f6580000,0x00000000f7a80000)
 ParOldGen       total 67584K, used 35302K [0x00000000c1800000, 0x00000000c5a00000, 0x00000000eb280000)
  object space 67584K, 52% used [0x00000000c1800000,0x00000000c3a79950,0x00000000c5a00000)
 PSPermGen       total 70656K, used 35079K [0x00000000bc600000, 0x00000000c0b00000, 0x00000000c1800000)
  object space 70656K, 49% used [0x00000000bc600000,0x00000000be841cc0,0x00000000c0b00000)
Event: 21.988 GC heap after
Heap after GC invocations=14 (full 1):
 PSYoungGen      total 204800K, used 21474K [0x00000000eb280000, 0x00000000fe900000, 0x0000000100000000)
  eden space 183296K, 0% used [0x00000000eb280000,0x00000000eb280000,0x00000000f6580000)
  from space 21504K, 99% used [0x00000000f6580000,0x00000000f7a789c0,0x00000000f7a80000)
  to   space 31232K, 0% used [0x00000000fca80000,0x00000000fca80000,0x00000000fe900000)
 ParOldGen       total 67584K, used 51207K [0x00000000c1800000, 0x00000000c5a00000, 0x00000000eb280000)
  object space 67584K, 75% used [0x00000000c1800000,0x00000000c4a01ee0,0x00000000c5a00000)
 PSPermGen       total 70656K, used 35079K [0x00000000bc600000, 0x00000000c0b00000, 0x00000000c1800000)
  object space 70656K, 49% used [0x00000000bc600000,0x00000000be841cc0,0x00000000c0b00000)
}
Event: 23.574 GC heap before
{Heap before GC invocations=15 (full 1):
 PSYoungGen      total 204800K, used 204770K [0x00000000eb280000, 0x00000000fe900000, 0x0000000100000000)
  eden space 183296K, 100% used [0x00000000eb280000,0x00000000f6580000,0x00000000f6580000)
  from space 21504K, 99% used [0x00000000f6580000,0x00000000f7a789c0,0x00000000f7a80000)
  to   space 31232K, 0% used [0x00000000fca80000,0x00000000fca80000,0x00000000fe900000)
 ParOldGen       total 67584K, used 51207K [0x00000000c1800000, 0x00000000c5a00000, 0x00000000eb280000)
  object space 67584K, 75% used [0x00000000c1800000,0x00000000c4a01ee0,0x00000000c5a00000)
 PSPermGen       total 70656K, used 37872K [0x00000000bc600000, 0x00000000c0b00000, 0x00000000c1800000)
  object space 70656K, 53% used [0x00000000bc600000,0x00000000beafc2d0,0x00000000c0b00000)
Event: 23.622 GC heap after
Heap after GC invocations=15 (full 1):
 PSYoungGen      total 275456K, used 31212K [0x00000000eb280000, 0x0000000100000000, 0x0000000100000000)
  eden space 244224K, 0% used [0x00000000eb280000,0x00000000eb280000,0x00000000fa100000)
  from space 31232K, 99% used [0x00000000fca80000,0x00000000fe8fb1c0,0x00000000fe900000)
  to   space 42496K, 0% used [0x00000000fa100000,0x00000000fa100000,0x00000000fca80000)
 ParOldGen       total 68096K, used 67631K [0x00000000c1800000, 0x00000000c5a80000, 0x00000000eb280000)
  object space 68096K, 99% used [0x00000000c1800000,0x00000000c5a0bfa8,0x00000000c5a80000)
 PSPermGen       total 70656K, used 37872K [0x00000000bc600000, 0x00000000c0b00000, 0x00000000c1800000)
  object space 70656K, 53% used [0x00000000bc600000,0x00000000beafc2d0,0x00000000c0b00000)
}
Event: 23.622 GC heap before
{Heap before GC invocations=16 (full 2):
 PSYoungGen      total 275456K, used 31212K [0x00000000eb280000, 0x0000000100000000, 0x0000000100000000)
  eden space 244224K, 0% used [0x00000000eb280000,0x00000000eb280000,0x00000000fa100000)
  from space 31232K, 99% used [0x00000000fca80000,0x00000000fe8fb1c0,0x00000000fe900000)
  to   space 42496K, 0% used [0x00000000fa100000,0x00000000fa100000,0x00000000fca80000)
 ParOldGen       total 68096K, used 67631K [0x00000000c1800000, 0x00000000c5a80000, 0x00000000eb280000)
  object space 68096K, 99% used [0x00000000c1800000,0x00000000c5a0bfa8,0x00000000c5a80000)
 PSPermGen       total 70656K, used 37872K [0x00000000bc600000, 0x00000000c0b00000, 0x00000000c1800000)
  object space 70656K, 53% used [0x00000000bc600000,0x00000000beafc2d0,0x00000000c0b00000)
Event: 23.779 GC heap after
Heap after GC invocations=16 (full 2):
 PSYoungGen      total 275456K, used 0K [0x00000000eb280000, 0x0000000100000000, 0x0000000100000000)
  eden space 244224K, 0% used [0x00000000eb280000,0x00000000eb280000,0x00000000fa100000)
  from space 31232K, 0% used [0x00000000fca80000,0x00000000fca80000,0x00000000fe900000)
  to   space 42496K, 0% used [0x00000000fa100000,0x00000000fa100000,0x00000000fca80000)
 ParOldGen       total 99840K, used 45438K [0x00000000c1800000, 0x00000000c7980000, 0x00000000eb280000)
  object space 99840K, 45% used [0x00000000c1800000,0x00000000c445fae8,0x00000000c7980000)
 PSPermGen       total 81408K, used 37871K [0x00000000bc600000, 0x00000000c1580000, 0x00000000c1800000)
  object space 81408K, 46% used [0x00000000bc600000,0x00000000beafbd10,0x00000000c1580000)
}

