# JRE version: Java(TM) SE Runtime Environment (7.0_79-b15) (build 1.7.0_79-b15)
# Java VM: Java HotSpot(TM) 64-Bit Server VM (24.79-b02 mixed mode windows-amd64 compressed oops)
Heap
 PSYoungGen      total 288768K, used 193871K [0x00000000eb280000, 0x0000000100000000, 0x0000000100000000)
  eden space 255488K, 62% used [0x00000000eb280000,0x00000000f4f54c30,0x00000000fac00000)
  from space 33280K, 99% used [0x00000000fdf80000,0x00000000fffff010,0x0000000100000000)
  to   space 43008K, 0% used [0x00000000fac00000,0x00000000fac00000,0x00000000fd600000)
 ParOldGen       total 61440K, used 37284K [0x00000000c1800000, 0x00000000c5400000, 0x00000000eb280000)
  object space 61440K, 60% used [0x00000000c1800000,0x00000000c3c693b0,0x00000000c5400000)
 PSPermGen       total 55808K, used 40556K [0x00000000bc600000, 0x00000000bfc80000, 0x00000000c1800000)
  object space 55808K, 72% used [0x00000000bc600000,0x00000000bed9b2b0,0x00000000bfc80000)
GC Heap History (10 events):
Event: 10.359 GC heap before
{Heap before GC invocations=7 (full 0):
 PSYoungGen      total 137216K, used 137202K [0x00000000eb280000, 0x00000000f4e80000, 0x0000000100000000)
  eden space 126976K, 100% used [0x00000000eb280000,0x00000000f2e80000,0x00000000f2e80000)
  from space 10240K, 99% used [0x00000000f3c80000,0x00000000f467cbf8,0x00000000f4680000)
  to   space 14336K, 0% used [0x00000000f2e80000,0x00000000f2e80000,0x00000000f3c80000)
 ParOldGen       total 42496K, used 19005K [0x00000000c1800000, 0x00000000c4180000, 0x00000000eb280000)
  object space 42496K, 44% used [0x00000000c1800000,0x00000000c2a8f7c0,0x00000000c4180000)
 PSPermGen       total 27648K, used 27606K [0x00000000bc600000, 0x00000000be100000, 0x00000000c1800000)
  object space 27648K, 99% used [0x00000000bc600000,0x00000000be0f5990,0x00000000be100000)
Event: 10.390 GC heap after
Heap after GC invocations=7 (full 0):
 PSYoungGen      total 141312K, used 14330K [0x00000000eb280000, 0x00000000fd680000, 0x0000000100000000)
  eden space 126976K, 0% used [0x00000000eb280000,0x00000000eb280000,0x00000000f2e80000)
  from space 14336K, 99% used [0x00000000f2e80000,0x00000000f3c7ea10,0x00000000f3c80000)
  to   space 22528K, 0% used [0x00000000fc080000,0x00000000fc080000,0x00000000fd680000)
 ParOldGen       total 42496K, used 30438K [0x00000000c1800000, 0x00000000c4180000, 0x00000000eb280000)
  object space 42496K, 71% used [0x00000000c1800000,0x00000000c35b9a98,0x00000000c4180000)
 PSPermGen       total 27648K, used 27606K [0x00000000bc600000, 0x00000000be100000, 0x00000000c1800000)
  object space 27648K, 99% used [0x00000000bc600000,0x00000000be0f5990,0x00000000be100000)
}
Event: 12.260 GC heap before
{Heap before GC invocations=8 (full 0):
 PSYoungGen      total 141312K, used 141306K [0x00000000eb280000, 0x00000000fd680000, 0x0000000100000000)
  eden space 126976K, 100% used [0x00000000eb280000,0x00000000f2e80000,0x00000000f2e80000)
  from space 14336K, 99% used [0x00000000f2e80000,0x00000000f3c7ea10,0x00000000f3c80000)
  to   space 22528K, 0% used [0x00000000fc080000,0x00000000fc080000,0x00000000fd680000)
 ParOldGen       total 42496K, used 30438K [0x00000000c1800000, 0x00000000c4180000, 0x00000000eb280000)
  object space 42496K, 71% used [0x00000000c1800000,0x00000000c35b9a98,0x00000000c4180000)
 PSPermGen       total 28160K, used 27875K [0x00000000bc600000, 0x00000000be180000, 0x00000000c1800000)
  object space 28160K, 98% used [0x00000000bc600000,0x00000000be138f80,0x00000000be180000)
Event: 12.308 GC heap after
Heap after GC invocations=8 (full 0):
 PSYoungGen      total 270336K, used 22524K [0x00000000eb280000, 0x00000000fe280000, 0x0000000100000000)
  eden space 247808K, 0% used [0x00000000eb280000,0x00000000eb280000,0x00000000fa480000)
  from space 22528K, 99% used [0x00000000fc080000,0x00000000fd67f098,0x00000000fd680000)
  to   space 28672K, 0% used [0x00000000fa480000,0x00000000fa480000,0x00000000fc080000)
 ParOldGen       total 42496K, used 35517K [0x00000000c1800000, 0x00000000c4180000, 0x00000000eb280000)
  object space 42496K, 83% used [0x00000000c1800000,0x00000000c3aaf590,0x00000000c4180000)
 PSPermGen       total 28160K, used 27875K [0x00000000bc600000, 0x00000000be180000, 0x00000000c1800000)
  object space 28160K, 98% used [0x00000000bc600000,0x00000000be138f80,0x00000000be180000)
}
Event: 12.308 GC heap before
{Heap before GC invocations=9 (full 1):
 PSYoungGen      total 270336K, used 22524K [0x00000000eb280000, 0x00000000fe280000, 0x0000000100000000)
  eden space 247808K, 0% used [0x00000000eb280000,0x00000000eb280000,0x00000000fa480000)
  from space 22528K, 99% used [0x00000000fc080000,0x00000000fd67f098,0x00000000fd680000)
  to   space 28672K, 0% used [0x00000000fa480000,0x00000000fa480000,0x00000000fc080000)
 ParOldGen       total 42496K, used 35517K [0x00000000c1800000, 0x00000000c4180000, 0x00000000eb280000)
  object space 42496K, 83% used [0x00000000c1800000,0x00000000c3aaf590,0x00000000c4180000)
 PSPermGen       total 28160K, used 27875K [0x00000000bc600000, 0x00000000be180000, 0x00000000c1800000)
  object space 28160K, 98% used [0x00000000bc600000,0x00000000be138f80,0x00000000be180000)
Event: 12.493 GC heap after
Heap after GC invocations=9 (full 1):
 PSYoungGen      total 270336K, used 0K [0x00000000eb280000, 0x00000000fe280000, 0x0000000100000000)
  eden space 247808K, 0% used [0x00000000eb280000,0x00000000eb280000,0x00000000fa480000)
  from space 22528K, 0% used [0x00000000fc080000,0x00000000fc080000,0x00000000fd680000)
  to   space 28672K, 0% used [0x00000000fa480000,0x00000000fa480000,0x00000000fc080000)
 ParOldGen       total 61440K, used 25674K [0x00000000c1800000, 0x00000000c5400000, 0x00000000eb280000)
  object space 61440K, 41% used [0x00000000c1800000,0x00000000c3112918,0x00000000c5400000)
 PSPermGen       total 55808K, used 27865K [0x00000000bc600000, 0x00000000bfc80000, 0x00000000c1800000)
  object space 55808K, 49% used [0x00000000bc600000,0x00000000be1364a0,0x00000000bfc80000)
}
Event: 23.672 GC heap before
{Heap before GC invocations=10 (full 1):
 PSYoungGen      total 270336K, used 247808K [0x00000000eb280000, 0x00000000fe280000, 0x0000000100000000)
  eden space 247808K, 100% used [0x00000000eb280000,0x00000000fa480000,0x00000000fa480000)
  from space 22528K, 0% used [0x00000000fc080000,0x00000000fc080000,0x00000000fd680000)
  to   space 28672K, 0% used [0x00000000fa480000,0x00000000fa480000,0x00000000fc080000)
 ParOldGen       total 61440K, used 25674K [0x00000000c1800000, 0x00000000c5400000, 0x00000000eb280000)
  object space 61440K, 41% used [0x00000000c1800000,0x00000000c3112918,0x00000000c5400000)
 PSPermGen       total 55808K, used 35027K [0x00000000bc600000, 0x00000000bfc80000, 0x00000000c1800000)
  object space 55808K, 62% used [0x00000000bc600000,0x00000000be834f48,0x00000000bfc80000)
Event: 23.699 GC heap after
Heap after GC invocations=10 (full 1):
 PSYoungGen      total 276480K, used 27759K [0x00000000eb280000, 0x0000000100000000, 0x0000000100000000)
  eden space 247808K, 0% used [0x00000000eb280000,0x00000000eb280000,0x00000000fa480000)
  from space 28672K, 96% used [0x00000000fa480000,0x00000000fbf9bfd0,0x00000000fc080000)
  to   space 33280K, 0% used [0x00000000fdf80000,0x00000000fdf80000,0x0000000100000000)
 ParOldGen       total 61440K, used 25746K [0x00000000c1800000, 0x00000000c5400000, 0x00000000eb280000)
  object space 61440K, 41% used [0x00000000c1800000,0x00000000c3124928,0x00000000c5400000)
 PSPermGen       total 55808K, used 35027K [0x00000000bc600000, 0x00000000bfc80000, 0x00000000c1800000)
  object space 55808K, 62% used [0x00000000bc600000,0x00000000be834f48,0x00000000bfc80000)
}
Event: 24.851 GC heap before
{Heap before GC invocations=11 (full 1):
 PSYoungGen      total 276480K, used 275567K [0x00000000eb280000, 0x0000000100000000, 0x0000000100000000)
  eden space 247808K, 100% used [0x00000000eb280000,0x00000000fa480000,0x00000000fa480000)
  from space 28672K, 96% used [0x00000000fa480000,0x00000000fbf9bfd0,0x00000000fc080000)
  to   space 33280K, 0% used [0x00000000fdf80000,0x00000000fdf80000,0x0000000100000000)
 ParOldGen       total 61440K, used 25746K [0x00000000c1800000, 0x00000000c5400000, 0x00000000eb280000)
  object space 61440K, 41% used [0x00000000c1800000,0x00000000c3124928,0x00000000c5400000)
 PSPermGen       total 55808K, used 35065K [0x00000000bc600000, 0x00000000bfc80000, 0x00000000c1800000)
  object space 55808K, 62% used [0x00000000bc600000,0x00000000be83e540,0x00000000bfc80000)
Event: 24.897 GC heap after
Heap after GC invocations=11 (full 1):
 PSYoungGen      total 288768K, used 33276K [0x00000000eb280000, 0x0000000100000000, 0x0000000100000000)
  eden space 255488K, 0% used [0x00000000eb280000,0x00000000eb280000,0x00000000fac00000)
  from space 33280K, 99% used [0x00000000fdf80000,0x00000000fffff010,0x0000000100000000)
  to   space 43008K, 0% used [0x00000000fac00000,0x00000000fac00000,0x00000000fd600000)
 ParOldGen       total 61440K, used 37284K [0x00000000c1800000, 0x00000000c5400000, 0x00000000eb280000)
  object space 61440K, 60% used [0x00000000c1800000,0x00000000c3c693b0,0x00000000c5400000)
 PSPermGen       total 55808K, used 35065K [0x00000000bc600000, 0x00000000bfc80000, 0x00000000c1800000)
  object space 55808K, 62% used [0x00000000bc600000,0x00000000be83e540,0x00000000bfc80000)
}

