# JRE version: Java(TM) SE Runtime Environment (7.0_79-b15) (build 1.7.0_79-b15)
# Java VM: Java HotSpot(TM) 64-Bit Server VM (24.79-b02 mixed mode windows-amd64 compressed oops)
Heap
 PSYoungGen      total 264192K, used 180443K [0x00000000eb280000, 0x0000000100000000, 0x0000000100000000)
  eden space 225280K, 69% used [0x00000000eb280000,0x00000000f4c14e80,0x00000000f8e80000)
  from space 38912K, 59% used [0x00000000f8e80000,0x00000000fa521fa0,0x00000000fb480000)
  to   space 38912K, 0% used [0x00000000fda00000,0x00000000fda00000,0x0000000100000000)
 ParOldGen       total 62464K, used 38911K [0x00000000c1800000, 0x00000000c5500000, 0x00000000eb280000)
  object space 62464K, 62% used [0x00000000c1800000,0x00000000c3dffc10,0x00000000c5500000)
 PSPermGen       total 68096K, used 68006K [0x00000000bc600000, 0x00000000c0880000, 0x00000000c1800000)
  object space 68096K, 99% used [0x00000000bc600000,0x00000000c0869a20,0x00000000c0880000)
GC Heap History (10 events):
Event: 84.821 GC heap before
{Heap before GC invocations=12 (full 1):
 PSYoungGen      total 166400K, used 160464K [0x00000000eb280000, 0x00000000f7600000, 0x0000000100000000)
  eden space 138752K, 100% used [0x00000000eb280000,0x00000000f3a00000,0x00000000f3a00000)
  from space 27648K, 78% used [0x00000000f5700000,0x00000000f6c34140,0x00000000f7200000)
  to   space 29696K, 0% used [0x00000000f3a00000,0x00000000f3a00000,0x00000000f5700000)
 ParOldGen       total 62464K, used 26066K [0x00000000c1800000, 0x00000000c5500000, 0x00000000eb280000)
  object space 62464K, 41% used [0x00000000c1800000,0x00000000c31749f0,0x00000000c5500000)
 PSPermGen       total 55808K, used 35007K [0x00000000bc600000, 0x00000000bfc80000, 0x00000000c1800000)
  object space 55808K, 62% used [0x00000000bc600000,0x00000000be82fe90,0x00000000bfc80000)
Event: 84.925 GC heap after
Heap after GC invocations=12 (full 1):
 PSYoungGen      total 168448K, used 29692K [0x00000000eb280000, 0x00000000fa180000, 0x0000000100000000)
  eden space 138752K, 0% used [0x00000000eb280000,0x00000000eb280000,0x00000000f3a00000)
  from space 29696K, 99% used [0x00000000f3a00000,0x00000000f56ff0e0,0x00000000f5700000)
  to   space 34304K, 0% used [0x00000000f8000000,0x00000000f8000000,0x00000000fa180000)
 ParOldGen       total 62464K, used 26579K [0x00000000c1800000, 0x00000000c5500000, 0x00000000eb280000)
  object space 62464K, 42% used [0x00000000c1800000,0x00000000c31f4d58,0x00000000c5500000)
 PSPermGen       total 55808K, used 35007K [0x00000000bc600000, 0x00000000bfc80000, 0x00000000c1800000)
  object space 55808K, 62% used [0x00000000bc600000,0x00000000be82fe90,0x00000000bfc80000)
}
Event: 89.752 GC heap before
{Heap before GC invocations=13 (full 1):
 PSYoungGen      total 168448K, used 168444K [0x00000000eb280000, 0x00000000fa180000, 0x0000000100000000)
  eden space 138752K, 100% used [0x00000000eb280000,0x00000000f3a00000,0x00000000f3a00000)
  from space 29696K, 99% used [0x00000000f3a00000,0x00000000f56ff0e0,0x00000000f5700000)
  to   space 34304K, 0% used [0x00000000f8000000,0x00000000f8000000,0x00000000fa180000)
 ParOldGen       total 62464K, used 26579K [0x00000000c1800000, 0x00000000c5500000, 0x00000000eb280000)
  object space 62464K, 42% used [0x00000000c1800000,0x00000000c31f4d58,0x00000000c5500000)
 PSPermGen       total 55808K, used 35024K [0x00000000bc600000, 0x00000000bfc80000, 0x00000000c1800000)
  object space 55808K, 62% used [0x00000000bc600000,0x00000000be834058,0x00000000bfc80000)
Event: 90.089 GC heap after
Heap after GC invocations=13 (full 1):
 PSYoungGen      total 205312K, used 33453K [0x00000000eb280000, 0x00000000fb780000, 0x0000000100000000)
  eden space 171008K, 0% used [0x00000000eb280000,0x00000000eb280000,0x00000000f5980000)
  from space 34304K, 97% used [0x00000000f8000000,0x00000000fa0ab400,0x00000000fa180000)
  to   space 39424K, 0% used [0x00000000f5980000,0x00000000f5980000,0x00000000f8000000)
 ParOldGen       total 62464K, used 26587K [0x00000000c1800000, 0x00000000c5500000, 0x00000000eb280000)
  object space 62464K, 42% used [0x00000000c1800000,0x00000000c31f6d58,0x00000000c5500000)
 PSPermGen       total 55808K, used 35024K [0x00000000bc600000, 0x00000000bfc80000, 0x00000000c1800000)
  object space 55808K, 62% used [0x00000000bc600000,0x00000000be834058,0x00000000bfc80000)
}
Event: 106.004 GC heap before
{Heap before GC invocations=14 (full 1):
 PSYoungGen      total 205312K, used 204461K [0x00000000eb280000, 0x00000000fb780000, 0x0000000100000000)
  eden space 171008K, 100% used [0x00000000eb280000,0x00000000f5980000,0x00000000f5980000)
  from space 34304K, 97% used [0x00000000f8000000,0x00000000fa0ab400,0x00000000fa180000)
  to   space 39424K, 0% used [0x00000000f5980000,0x00000000f5980000,0x00000000f8000000)
 ParOldGen       total 62464K, used 26587K [0x00000000c1800000, 0x00000000c5500000, 0x00000000eb280000)
  object space 62464K, 42% used [0x00000000c1800000,0x00000000c31f6d58,0x00000000c5500000)
 PSPermGen       total 55808K, used 42000K [0x00000000bc600000, 0x00000000bfc80000, 0x00000000c1800000)
  object space 55808K, 75% used [0x00000000bc600000,0x00000000bef040f8,0x00000000bfc80000)
Event: 106.223 GC heap after
Heap after GC invocations=14 (full 1):
 PSYoungGen      total 210432K, used 21943K [0x00000000eb280000, 0x00000000fde80000, 0x0000000100000000)
  eden space 171008K, 0% used [0x00000000eb280000,0x00000000eb280000,0x00000000f5980000)
  from space 39424K, 55% used [0x00000000f5980000,0x00000000f6eede78,0x00000000f8000000)
  to   space 39424K, 0% used [0x00000000fb800000,0x00000000fb800000,0x00000000fde80000)
 ParOldGen       total 62464K, used 33326K [0x00000000c1800000, 0x00000000c5500000, 0x00000000eb280000)
  object space 62464K, 53% used [0x00000000c1800000,0x00000000c388b9d0,0x00000000c5500000)
 PSPermGen       total 55808K, used 42000K [0x00000000bc600000, 0x00000000bfc80000, 0x00000000c1800000)
  object space 55808K, 75% used [0x00000000bc600000,0x00000000bef040f8,0x00000000bfc80000)
}
Event: 130.132 GC heap before
{Heap before GC invocations=15 (full 1):
 PSYoungGen      total 210432K, used 192951K [0x00000000eb280000, 0x00000000fde80000, 0x0000000100000000)
  eden space 171008K, 100% used [0x00000000eb280000,0x00000000f5980000,0x00000000f5980000)
  from space 39424K, 55% used [0x00000000f5980000,0x00000000f6eede78,0x00000000f8000000)
  to   space 39424K, 0% used [0x00000000fb800000,0x00000000fb800000,0x00000000fde80000)
 ParOldGen       total 62464K, used 33326K [0x00000000c1800000, 0x00000000c5500000, 0x00000000eb280000)
  object space 62464K, 53% used [0x00000000c1800000,0x00000000c388b9d0,0x00000000c5500000)
 PSPermGen       total 56832K, used 56546K [0x00000000bc600000, 0x00000000bfd80000, 0x00000000c1800000)
  object space 56832K, 99% used [0x00000000bc600000,0x00000000bfd38a80,0x00000000bfd80000)
Event: 130.426 GC heap after
Heap after GC invocations=15 (full 1):
 PSYoungGen      total 260608K, used 21763K [0x00000000eb280000, 0x00000000fda80000, 0x0000000100000000)
  eden space 225280K, 0% used [0x00000000eb280000,0x00000000eb280000,0x00000000f8e80000)
  from space 35328K, 61% used [0x00000000fb800000,0x00000000fcd40ec0,0x00000000fda80000)
  to   space 38912K, 0% used [0x00000000f8e80000,0x00000000f8e80000,0x00000000fb480000)
 ParOldGen       total 62464K, used 33633K [0x00000000c1800000, 0x00000000c5500000, 0x00000000eb280000)
  object space 62464K, 53% used [0x00000000c1800000,0x00000000c38d8780,0x00000000c5500000)
 PSPermGen       total 56832K, used 56546K [0x00000000bc600000, 0x00000000bfd80000, 0x00000000c1800000)
  object space 56832K, 99% used [0x00000000bc600000,0x00000000bfd38a80,0x00000000bfd80000)
}
Event: 150.782 GC heap before
{Heap before GC invocations=16 (full 1):
 PSYoungGen      total 260608K, used 247043K [0x00000000eb280000, 0x00000000fda80000, 0x0000000100000000)
  eden space 225280K, 100% used [0x00000000eb280000,0x00000000f8e80000,0x00000000f8e80000)
  from space 35328K, 61% used [0x00000000fb800000,0x00000000fcd40ec0,0x00000000fda80000)
  to   space 38912K, 0% used [0x00000000f8e80000,0x00000000f8e80000,0x00000000fb480000)
 ParOldGen       total 62464K, used 33633K [0x00000000c1800000, 0x00000000c5500000, 0x00000000eb280000)
  object space 62464K, 53% used [0x00000000c1800000,0x00000000c38d8780,0x00000000c5500000)
 PSPermGen       total 67584K, used 67098K [0x00000000bc600000, 0x00000000c0800000, 0x00000000c1800000)
  object space 67584K, 99% used [0x00000000bc600000,0x00000000c0786a70,0x00000000c0800000)
Event: 150.956 GC heap after
Heap after GC invocations=16 (full 1):
 PSYoungGen      total 264192K, used 23175K [0x00000000eb280000, 0x0000000100000000, 0x0000000100000000)
  eden space 225280K, 0% used [0x00000000eb280000,0x00000000eb280000,0x00000000f8e80000)
  from space 38912K, 59% used [0x00000000f8e80000,0x00000000fa521fa0,0x00000000fb480000)
  to   space 38912K, 0% used [0x00000000fda00000,0x00000000fda00000,0x0000000100000000)
 ParOldGen       total 62464K, used 38911K [0x00000000c1800000, 0x00000000c5500000, 0x00000000eb280000)
  object space 62464K, 62% used [0x00000000c1800000,0x00000000c3dffc10,0x00000000c5500000)
 PSPermGen       total 67584K, used 67098K [0x00000000bc600000, 0x00000000c0800000, 0x00000000c1800000)
  object space 67584K, 99% used [0x00000000bc600000,0x00000000c0786a70,0x00000000c0800000)
}

